0 info it worked if it ends with ok
1 verbose cli [ '/Users/liaod/.nvm/versions/node/v6.2.2/bin/node',
1 verbose cli   '/Users/liaod/.nvm/versions/node/v6.2.2/bin/npm',
1 verbose cli   'run',
1 verbose cli   'build' ]
2 info using npm@3.10.8
3 info using node@v6.2.2
4 verbose run-script [ 'prebuild', 'build', 'postbuild' ]
5 info lifecycle web-client@0.0.1~prebuild: web-client@0.0.1
6 silly lifecycle web-client@0.0.1~prebuild: no script for prebuild, continuing
7 info lifecycle web-client@0.0.1~build: web-client@0.0.1
8 verbose lifecycle web-client@0.0.1~build: unsafe-perm in lifecycle true
9 verbose lifecycle web-client@0.0.1~build: PATH: /Users/liaod/.nvm/versions/node/v6.2.2/lib/node_modules/npm/bin/node-gyp-bin:/Users/liaod/Dropbox/workspace/go/src/github.com/Senior-Design-Kappa/web-client/node_modules/.bin:/usr/local/go/bin:/Library/Tex/texbin/:/usr/local/opt/coreutils/libexec/gnubin:/Users/liaod/.nvm/versions/node/v6.2.2/bin:/usr/local/bin:/usr/bin:/bin:/usr/sbin:/sbin:/Users/liaod/Library/Haskell/bin:/Library/Haskell/ghc-7.10.2-x86_64/bin:/Library/Frameworks/GHC.framework/Versions/7.10.2-x86_64/usr/bin:/Users/liaod/Dropbox/workspace/go/bin
10 verbose lifecycle web-client@0.0.1~build: CWD: /Users/liaod/Dropbox/workspace/go/src/github.com/Senior-Design-Kappa/web-client
11 silly lifecycle web-client@0.0.1~build: Args: [ '-c', 'babel js/src -d js/build && npm run webpack' ]
12 silly lifecycle web-client@0.0.1~build: Returned: code: 1  signal: null
13 info lifecycle web-client@0.0.1~build: Failed to exec build script
14 verbose stack Error: web-client@0.0.1 build: `babel js/src -d js/build && npm run webpack`
14 verbose stack Exit status 1
14 verbose stack     at EventEmitter.<anonymous> (/Users/liaod/.nvm/versions/node/v6.2.2/lib/node_modules/npm/lib/utils/lifecycle.js:255:16)
14 verbose stack     at emitTwo (events.js:106:13)
14 verbose stack     at EventEmitter.emit (events.js:191:7)
14 verbose stack     at ChildProcess.<anonymous> (/Users/liaod/.nvm/versions/node/v6.2.2/lib/node_modules/npm/lib/utils/spawn.js:40:14)
14 verbose stack     at emitTwo (events.js:106:13)
14 verbose stack     at ChildProcess.emit (events.js:191:7)
14 verbose stack     at maybeClose (internal/child_process.js:852:16)
14 verbose stack     at Process.ChildProcess._handle.onexit (internal/child_process.js:215:5)
15 verbose pkgid web-client@0.0.1
16 verbose cwd /Users/liaod/Dropbox/workspace/go/src/github.com/Senior-Design-Kappa/web-client
17 error Darwin 15.6.0
18 error argv "/Users/liaod/.nvm/versions/node/v6.2.2/bin/node" "/Users/liaod/.nvm/versions/node/v6.2.2/bin/npm" "run" "build"
19 error node v6.2.2
20 error npm  v3.10.8
21 error code ELIFECYCLE
22 error web-client@0.0.1 build: `babel js/src -d js/build && npm run webpack`
22 error Exit status 1
23 error Failed at the web-client@0.0.1 build script 'babel js/src -d js/build && npm run webpack'.
23 error Make sure you have the latest version of node.js and npm installed.
23 error If you do, this is most likely a problem with the web-client package,
23 error not with npm itself.
23 error Tell the author that this fails on your system:
23 error     babel js/src -d js/build && npm run webpack
23 error You can get information on how to open an issue for this project with:
23 error     npm bugs web-client
23 error Or if that isn't available, you can get their info via:
23 error     npm owner ls web-client
23 error There is likely additional logging output above.
24 verbose exit [ 1, true ]
